build/app/intermediates/manifest_merge_blame_file/debug/manifest-merger-blame-debug-report.txt
1<?xml version="1.0" encoding="utf-8"?>
2<manifest xmlns:android="http://schemas.android.com/apk/res/android"
3    package="com.example.cowmes"
4    android:versionCode="1"
5    android:versionName="1.0.0" >
6
7    <uses-sdk
8        android:minSdkVersion="21"
9        android:targetSdkVersion="28" />
10    <!--
11         Flutter needs it to communicate with the running application
12         to allow setting breakpoints, to provide hot reload, etc.
13    -->
14    <uses-permission android:name="android.permission.INTERNET" />
14-->src\debug\AndroidManifest.xml:6:5-66
14-->src\debug\AndroidManifest.xml:6:22-64
15    <uses-permission android:name="android.permission.ACCESS_NETWORK_STATE" />
15-->[com.google.firebase:firebase-auth:20.0.0] AndroidManifest.xml:24:5-79
15-->[com.google.firebase:firebase-auth:20.0.0] AndroidManifest.xml:24:22-76
16    <!--
17 io.flutter.app.FlutterApplication is an android.app.Application that
18         calls FlutterMain.startInitialization(this); in its onCreate method.
19         In most cases you can leave this as-is, but you if you want to provide
20         additional functionality it is fine to subclass or reimplement
21         FlutterApplication and put your custom class here.
22    -->
23    <application
23-->src\main\AndroidManifest.xml:8:5-46:19
24        android:name="io.flutter.app.FlutterApplication"
24-->src\main\AndroidManifest.xml:9:9-57
25        android:appComponentFactory="androidx.core.app.CoreComponentFactory"
25-->[androidx.core:core:1.1.0] AndroidManifest.xml:24:18-86
26        android:debuggable="true"
27        android:icon="@mipmap/ic_launcher"
27-->src\main\AndroidManifest.xml:11:9-43
28        android:label="cowmes" >
28-->src\main\AndroidManifest.xml:10:9-31
29        <activity
29-->src\main\AndroidManifest.xml:12:9-40:20
30            android:name="com.example.cowmes.MainActivity"
30-->src\main\AndroidManifest.xml:13:13-41
31            android:configChanges="orientation|keyboardHidden|keyboard|screenSize|smallestScreenSize|locale|layoutDirection|fontScale|screenLayout|density|uiMode"
31-->src\main\AndroidManifest.xml:16:13-163
32            android:hardwareAccelerated="true"
32-->src\main\AndroidManifest.xml:17:13-47
33            android:launchMode="singleTop"
33-->src\main\AndroidManifest.xml:14:13-43
34            android:theme="@style/LaunchTheme"
34-->src\main\AndroidManifest.xml:15:13-47
35            android:windowSoftInputMode="adjustResize" >
35-->src\main\AndroidManifest.xml:18:13-55
36
37            <!--
38                 Specifies an Android theme to apply to this Activity as soon as
39                 the Android process has started. This theme is visible to the user
40                 while the Flutter UI initializes. After that, this theme continues
41                 to determine the Window background behind the Flutter UI.
42            -->
43            <meta-data
43-->src\main\AndroidManifest.xml:23:13-26:17
44                android:name="io.flutter.embedding.android.NormalTheme"
44-->src\main\AndroidManifest.xml:24:15-70
45                android:resource="@style/NormalTheme" />
45-->src\main\AndroidManifest.xml:25:15-52
46            <!--
47                 Displays an Android View that continues showing the launch screen
48                 Drawable until Flutter paints its first frame, then this splash
49                 screen fades out. A splash screen is useful to avoid any visual
50                 gap between the end of Android's launch screen and the painting of
51                 Flutter's first frame.
52            -->
53            <meta-data
53-->src\main\AndroidManifest.xml:32:13-35:17
54                android:name="io.flutter.embedding.android.SplashScreenDrawable"
54-->src\main\AndroidManifest.xml:33:15-79
55                android:resource="@drawable/launch_background" />
55-->src\main\AndroidManifest.xml:34:15-61
56
57            <intent-filter>
57-->src\main\AndroidManifest.xml:36:13-39:29
58                <action android:name="android.intent.action.MAIN" />
58-->src\main\AndroidManifest.xml:37:17-68
58-->src\main\AndroidManifest.xml:37:25-66
59
60                <category android:name="android.intent.category.LAUNCHER" />
60-->src\main\AndroidManifest.xml:38:17-76
60-->src\main\AndroidManifest.xml:38:27-74
61            </intent-filter>
62        </activity>
63        <!--
64             Don't delete the meta-data below.
65             This is used by the Flutter tool to generate GeneratedPluginRegistrant.java
66        -->
67        <meta-data
67-->src\main\AndroidManifest.xml:43:9-45:33
68            android:name="flutterEmbedding"
68-->src\main\AndroidManifest.xml:44:13-44
69            android:value="2" />
69-->src\main\AndroidManifest.xml:45:13-30
70
71        <service
71-->[:firebase_auth] AndroidManifest.xml:8:9-12:19
72            android:name="com.google.firebase.components.ComponentDiscoveryService"
72-->[:firebase_auth] AndroidManifest.xml:8:18-89
73            android:directBootAware="true"
73-->[com.google.firebase:firebase-common:19.3.1] AndroidManifest.xml:35:13-43
74            android:exported="false" >
74-->[com.google.firebase:firebase-auth:20.0.0] AndroidManifest.xml:84:13-37
75            <meta-data
75-->[:firebase_auth] AndroidManifest.xml:9:13-11:85
76                android:name="com.google.firebase.components:io.flutter.plugins.firebaseauth.FlutterFirebaseAppRegistrar"
76-->[:firebase_auth] AndroidManifest.xml:10:17-122
77                android:value="com.google.firebase.components.ComponentRegistrar" />
77-->[:firebase_auth] AndroidManifest.xml:11:17-82
78            <meta-data
78-->[:cloud_firestore] AndroidManifest.xml:9:13-11:85
79                android:name="com.google.firebase.components:io.flutter.plugins.firebase.cloudfirestore.FlutterFirebaseAppRegistrar"
79-->[:cloud_firestore] AndroidManifest.xml:10:17-133
80                android:value="com.google.firebase.components.ComponentRegistrar" />
80-->[:cloud_firestore] AndroidManifest.xml:11:17-82
81            <meta-data
81-->[:firebase_core] AndroidManifest.xml:9:13-11:85
82                android:name="com.google.firebase.components:io.flutter.plugins.firebase.core.FlutterFirebaseAppRegistrar"
82-->[:firebase_core] AndroidManifest.xml:10:17-123
83                android:value="com.google.firebase.components.ComponentRegistrar" />
83-->[:firebase_core] AndroidManifest.xml:11:17-82
84            <meta-data
84-->[com.google.firebase:firebase-auth:20.0.0] AndroidManifest.xml:85:13-87:85
85                android:name="com.google.firebase.components:com.google.firebase.auth.FirebaseAuthRegistrar"
85-->[com.google.firebase:firebase-auth:20.0.0] AndroidManifest.xml:86:17-109
86                android:value="com.google.firebase.components.ComponentRegistrar" />
86-->[com.google.firebase:firebase-auth:20.0.0] AndroidManifest.xml:87:17-82
87            <meta-data
87-->[com.google.firebase:firebase-firestore:22.0.0] AndroidManifest.xml:20:13-22:85
88                android:name="com.google.firebase.components:com.google.firebase.firestore.FirestoreRegistrar"
88-->[com.google.firebase:firebase-firestore:22.0.0] AndroidManifest.xml:21:17-111
89                android:value="com.google.firebase.components.ComponentRegistrar" />
89-->[com.google.firebase:firebase-firestore:22.0.0] AndroidManifest.xml:22:17-82
90        </service>
91
92        <activity
92-->[com.google.firebase:firebase-auth:20.0.0] AndroidManifest.xml:27:9-34:50
93            android:name="com.google.firebase.auth.internal.FederatedSignInActivity"
93-->[com.google.firebase:firebase-auth:20.0.0] AndroidManifest.xml:28:13-85
94            android:excludeFromRecents="true"
94-->[com.google.firebase:firebase-auth:20.0.0] AndroidManifest.xml:29:13-46
95            android:exported="true"
95-->[com.google.firebase:firebase-auth:20.0.0] AndroidManifest.xml:30:13-36
96            android:launchMode="singleTask"
96-->[com.google.firebase:firebase-auth:20.0.0] AndroidManifest.xml:31:13-44
97            android:permission="com.google.firebase.auth.api.gms.permission.LAUNCH_FEDERATED_SIGN_IN"
97-->[com.google.firebase:firebase-auth:20.0.0] AndroidManifest.xml:32:13-102
98            android:theme="@android:style/Theme.Translucent.NoTitleBar" />
98-->[com.google.firebase:firebase-auth:20.0.0] AndroidManifest.xml:33:13-72
99        <activity
99-->[com.google.firebase:firebase-auth:20.0.0] AndroidManifest.xml:35:9-52:20
100            android:name="com.google.firebase.auth.internal.GenericIdpActivity"
100-->[com.google.firebase:firebase-auth:20.0.0] AndroidManifest.xml:36:13-80
101            android:excludeFromRecents="true"
101-->[com.google.firebase:firebase-auth:20.0.0] AndroidManifest.xml:37:13-46
102            android:exported="true"
102-->[com.google.firebase:firebase-auth:20.0.0] AndroidManifest.xml:38:13-36
103            android:launchMode="singleTask"
103-->[com.google.firebase:firebase-auth:20.0.0] AndroidManifest.xml:39:13-44
104            android:theme="@android:style/Theme.Translucent.NoTitleBar" >
104-->[com.google.firebase:firebase-auth:20.0.0] AndroidManifest.xml:40:13-72
105            <intent-filter>
105-->[com.google.firebase:firebase-auth:20.0.0] AndroidManifest.xml:41:13-51:29
106                <action android:name="android.intent.action.VIEW" />
106-->[com.google.firebase:firebase-auth:20.0.0] AndroidManifest.xml:42:17-69
106-->[com.google.firebase:firebase-auth:20.0.0] AndroidManifest.xml:42:25-66
107
108                <category android:name="android.intent.category.DEFAULT" />
108-->[com.google.firebase:firebase-auth:20.0.0] AndroidManifest.xml:44:17-76
108-->[com.google.firebase:firebase-auth:20.0.0] AndroidManifest.xml:44:27-73
109                <category android:name="android.intent.category.BROWSABLE" />
109-->[com.google.firebase:firebase-auth:20.0.0] AndroidManifest.xml:45:17-78
109-->[com.google.firebase:firebase-auth:20.0.0] AndroidManifest.xml:45:27-75
110
111                <data
111-->[com.google.firebase:firebase-auth:20.0.0] AndroidManifest.xml:47:17-50:51
112                    android:host="firebase.auth"
112-->[com.google.firebase:firebase-auth:20.0.0] AndroidManifest.xml:48:21-49
113                    android:path="/"
113-->[com.google.firebase:firebase-auth:20.0.0] AndroidManifest.xml:49:21-37
114                    android:scheme="genericidp" />
114-->[com.google.firebase:firebase-auth:20.0.0] AndroidManifest.xml:50:21-48
115            </intent-filter>
116        </activity>
117        <activity
117-->[com.google.firebase:firebase-auth:20.0.0] AndroidManifest.xml:53:9-70:20
118            android:name="com.google.firebase.auth.internal.RecaptchaActivity"
118-->[com.google.firebase:firebase-auth:20.0.0] AndroidManifest.xml:54:13-79
119            android:excludeFromRecents="true"
119-->[com.google.firebase:firebase-auth:20.0.0] AndroidManifest.xml:55:13-46
120            android:exported="true"
120-->[com.google.firebase:firebase-auth:20.0.0] AndroidManifest.xml:56:13-36
121            android:launchMode="singleTask"
121-->[com.google.firebase:firebase-auth:20.0.0] AndroidManifest.xml:57:13-44
122            android:theme="@android:style/Theme.Translucent.NoTitleBar" >
122-->[com.google.firebase:firebase-auth:20.0.0] AndroidManifest.xml:58:13-72
123            <intent-filter>
123-->[com.google.firebase:firebase-auth:20.0.0] AndroidManifest.xml:59:13-69:29
124                <action android:name="android.intent.action.VIEW" />
124-->[com.google.firebase:firebase-auth:20.0.0] AndroidManifest.xml:42:17-69
124-->[com.google.firebase:firebase-auth:20.0.0] AndroidManifest.xml:42:25-66
125
126                <category android:name="android.intent.category.DEFAULT" />
126-->[com.google.firebase:firebase-auth:20.0.0] AndroidManifest.xml:44:17-76
126-->[com.google.firebase:firebase-auth:20.0.0] AndroidManifest.xml:44:27-73
127                <category android:name="android.intent.category.BROWSABLE" />
127-->[com.google.firebase:firebase-auth:20.0.0] AndroidManifest.xml:45:17-78
127-->[com.google.firebase:firebase-auth:20.0.0] AndroidManifest.xml:45:27-75
128
129                <data
129-->[com.google.firebase:firebase-auth:20.0.0] AndroidManifest.xml:47:17-50:51
130                    android:host="firebase.auth"
130-->[com.google.firebase:firebase-auth:20.0.0] AndroidManifest.xml:48:21-49
131                    android:path="/"
131-->[com.google.firebase:firebase-auth:20.0.0] AndroidManifest.xml:49:21-37
132                    android:scheme="recaptcha" />
132-->[com.google.firebase:firebase-auth:20.0.0] AndroidManifest.xml:50:21-48
133            </intent-filter>
134        </activity>
135
136        <service
136-->[com.google.firebase:firebase-auth:20.0.0] AndroidManifest.xml:72:9-81:19
137            android:name="com.google.firebase.auth.api.fallback.service.FirebaseAuthFallbackService"
137-->[com.google.firebase:firebase-auth:20.0.0] AndroidManifest.xml:73:13-101
138            android:enabled="true"
138-->[com.google.firebase:firebase-auth:20.0.0] AndroidManifest.xml:74:13-35
139            android:exported="false" >
139-->[com.google.firebase:firebase-auth:20.0.0] AndroidManifest.xml:75:13-37
140            <intent-filter>
140-->[com.google.firebase:firebase-auth:20.0.0] AndroidManifest.xml:76:13-80:29
141                <action android:name="com.google.firebase.auth.api.gms.service.START" />
141-->[com.google.firebase:firebase-auth:20.0.0] AndroidManifest.xml:77:17-89
141-->[com.google.firebase:firebase-auth:20.0.0] AndroidManifest.xml:77:25-86
142
143                <category android:name="android.intent.category.DEFAULT" />
143-->[com.google.firebase:firebase-auth:20.0.0] AndroidManifest.xml:44:17-76
143-->[com.google.firebase:firebase-auth:20.0.0] AndroidManifest.xml:44:27-73
144            </intent-filter>
145        </service>
146
147        <activity
147-->[com.google.android.gms:play-services-auth:16.0.1] AndroidManifest.xml:23:9-27:75
148            android:name="com.google.android.gms.auth.api.signin.internal.SignInHubActivity"
148-->[com.google.android.gms:play-services-auth:16.0.1] AndroidManifest.xml:24:13-93
149            android:excludeFromRecents="true"
149-->[com.google.android.gms:play-services-auth:16.0.1] AndroidManifest.xml:25:13-46
150            android:exported="false"
150-->[com.google.android.gms:play-services-auth:16.0.1] AndroidManifest.xml:26:13-37
151            android:theme="@android:style/Theme.Translucent.NoTitleBar" />
151-->[com.google.android.gms:play-services-auth:16.0.1] AndroidManifest.xml:27:13-72
152        <!--
153            Service handling Google Sign-In user revocation. For apps that do not integrate with
154            Google Sign-In, this service will never be started.
155        -->
156        <service
156-->[com.google.android.gms:play-services-auth:16.0.1] AndroidManifest.xml:33:9-36:110
157            android:name="com.google.android.gms.auth.api.signin.RevocationBoundService"
157-->[com.google.android.gms:play-services-auth:16.0.1] AndroidManifest.xml:34:13-89
158            android:exported="true"
158-->[com.google.android.gms:play-services-auth:16.0.1] AndroidManifest.xml:35:13-36
159            android:permission="com.google.android.gms.auth.api.signin.permission.REVOCATION_NOTIFICATION" />
159-->[com.google.android.gms:play-services-auth:16.0.1] AndroidManifest.xml:36:13-107
160
161        <activity
161-->[com.google.android.gms:play-services-base:17.1.0] AndroidManifest.xml:23:9-26:75
162            android:name="com.google.android.gms.common.api.GoogleApiActivity"
162-->[com.google.android.gms:play-services-base:17.1.0] AndroidManifest.xml:24:13-79
163            android:exported="false"
163-->[com.google.android.gms:play-services-base:17.1.0] AndroidManifest.xml:25:13-37
164            android:theme="@android:style/Theme.Translucent.NoTitleBar" />
164-->[com.google.android.gms:play-services-base:17.1.0] AndroidManifest.xml:26:13-72
165
166        <provider
166-->[com.google.firebase:firebase-common:19.3.1] AndroidManifest.xml:26:9-31:39
167            android:name="com.google.firebase.provider.FirebaseInitProvider"
167-->[com.google.firebase:firebase-common:19.3.1] AndroidManifest.xml:27:13-77
168            android:authorities="com.example.cowmes.firebaseinitprovider"
168-->[com.google.firebase:firebase-common:19.3.1] AndroidManifest.xml:28:13-72
169            android:directBootAware="true"
169-->[com.google.firebase:firebase-common:19.3.1] AndroidManifest.xml:29:13-43
170            android:exported="false"
170-->[com.google.firebase:firebase-common:19.3.1] AndroidManifest.xml:30:13-37
171            android:initOrder="100" />
171-->[com.google.firebase:firebase-common:19.3.1] AndroidManifest.xml:31:13-36
172
173        <meta-data
173-->[com.google.android.gms:play-services-basement:17.1.0] AndroidManifest.xml:23:9-25:69
174            android:name="com.google.android.gms.version"
174-->[com.google.android.gms:play-services-basement:17.1.0] AndroidManifest.xml:24:13-58
175            android:value="@integer/google_play_services_version" />
175-->[com.google.android.gms:play-services-basement:17.1.0] AndroidManifest.xml:25:13-66
176    </application>
177
178</manifest>